{
  "RSpec": {
    "coverage": {
      "/Users/eugene/git/project_euler_54/poker.rb": [
        1,
        null,
        1,
        1,
        1,
        null,
        1000,
        null,
        null,
        1,
        1,
        null,
        1,
        1000,
        null,
        1000,
        null,
        null,
        null
      ],
      "/Users/eugene/git/project_euler_54/player.rb": [
        1,
        1,
        1,
        null,
        1,
        16,
        16,
        null,
        null
      ],
      "/Users/eugene/git/project_euler_54/hand.rb": [
        1,
        1,
        1,
        null,
        1,
        1,
        null,
        null,
        1,
        null,
        null,
        null,
        null,
        null,
        null,
        null,
        null,
        null,
        null,
        null,
        1,
        2062,
        12372,
        null,
        null,
        1,
        428,
        null,
        null,
        1,
        1848,
        null,
        null,
        1,
        18,
        null,
        null,
        1,
        18,
        null,
        null,
        1,
        null,
        null,
        1224,
        null,
        null,
        1,
        13405,
        null,
        null,
        1,
        13621,
        null,
        null,
        1,
        27906,
        null,
        null,
        1,
        47022,
        null,
        7837,
        null,
        null,
        null,
        null,
        1,
        2669,
        null,
        null,
        1,
        2602,
        null,
        null,
        1,
        14127,
        null,
        null,
        1,
        5259,
        null,
        null,
        1,
        2634,
        null,
        null,
        1,
        2669,
        null,
        null,
        1,
        26946,
        null,
        null,
        1,
        1048,
        1048,
        null,
        1048,
        214,
        834,
        157,
        null,
        154,
        null,
        1,
        null,
        1,
        null,
        1,
        null,
        null,
        null,
        1048,
        null,
        null,
        1,
        null,
        1,
        12723,
        63615,
        null,
        null,
        null
      ],
      "/Users/eugene/git/project_euler_54/card.rb": [
        1,
        1,
        null,
        1,
        null,
        1,
        70441,
        null,
        null,
        1,
        10310,
        null,
        null,
        1,
        15414,
        null,
        null,
        1,
        1,
        null,
        null,
        1,
        8,
        null,
        null
      ]
    },
    "timestamp": 1506134626
  }
}
